Demo/LiveShoppingDemo/build/intermediates/manifest_merge_blame_file/release/processReleaseMainManifest/manifest-merger-blame-release-report.txt
1<?xml version="1.0" encoding="utf-8"?>
2<manifest xmlns:android="http://schemas.android.com/apk/res/android"
3    package="com.reachu.liveshopping"
4    android:versionCode="1"
5    android:versionName="1.0" >
6
7    <uses-sdk
8        android:minSdkVersion="24"
9        android:targetSdkVersion="34" />
10
11    <uses-permission android:name="android.permission.INTERNET" />
11-->src/main/AndroidManifest.xml:5:5-67
11-->src/main/AndroidManifest.xml:5:22-64
12
13    <!-- See https://developer.android.com/training/package-visibility/declaring for more details. -->
14    <queries>
14-->[com.stripe:payments-core:20.49.0] AndroidManifest.xml:8:5-12:15
15
16        <!-- Added to check if Chrome is installed for browser-based payment authentication (e.g. 3DS1). -->
17        <package android:name="com.android.chrome" />
17-->[com.stripe:payments-core:20.49.0] AndroidManifest.xml:11:9-54
17-->[com.stripe:payments-core:20.49.0] AndroidManifest.xml:11:18-51
18        <package android:name="com.myklarnamobile" />
18-->[com.klarna.mobile.sdk:klarna-core:2.10.0] AndroidManifest.xml:16:9-54
18-->[com.klarna.mobile.sdk:klarna-core:2.10.0] AndroidManifest.xml:16:18-51
19
20        <intent>
20-->[com.klarna.mobile.sdk:klarna-core:2.10.0] AndroidManifest.xml:18:9-20:18
21            <action android:name="android.support.customtabs.action.CustomTabsService" />
21-->[com.klarna.mobile.sdk:klarna-core:2.10.0] AndroidManifest.xml:19:13-90
21-->[com.klarna.mobile.sdk:klarna-core:2.10.0] AndroidManifest.xml:19:21-87
22        </intent> <!-- Needs to be explicitly declared on Android R+ -->
23        <package android:name="com.google.android.apps.maps" />
23-->[com.google.android.gms:play-services-maps:18.0.2] AndroidManifest.xml:33:9-64
23-->[com.google.android.gms:play-services-maps:18.0.2] AndroidManifest.xml:33:18-61
24    </queries>
25
26    <uses-feature
26-->[com.klarna.mobile.sdk:klarna-core:2.10.0] AndroidManifest.xml:23:5-25:36
27        android:name="android.hardware.camera"
27-->[com.klarna.mobile.sdk:klarna-core:2.10.0] AndroidManifest.xml:24:9-47
28        android:required="false" />
28-->[com.klarna.mobile.sdk:klarna-core:2.10.0] AndroidManifest.xml:25:9-33
29    <uses-feature
29-->[com.klarna.mobile.sdk:klarna-core:2.10.0] AndroidManifest.xml:26:5-28:36
30        android:name="android.hardware.camera.autofocus"
30-->[com.klarna.mobile.sdk:klarna-core:2.10.0] AndroidManifest.xml:27:9-57
31        android:required="false" />
31-->[com.klarna.mobile.sdk:klarna-core:2.10.0] AndroidManifest.xml:28:9-33
32
33    <uses-permission android:name="android.permission.CAMERA" />
33-->[com.klarna.mobile.sdk:klarna-core:2.10.0] AndroidManifest.xml:30:5-65
33-->[com.klarna.mobile.sdk:klarna-core:2.10.0] AndroidManifest.xml:30:22-62
34    <uses-permission android:name="android.permission.ACCESS_NETWORK_STATE" />
34-->[com.stripe:stripe-core:20.49.0] AndroidManifest.xml:7:5-79
34-->[com.stripe:stripe-core:20.49.0] AndroidManifest.xml:7:22-76
35
36    <uses-feature
36-->[com.google.android.gms:play-services-maps:18.0.2] AndroidManifest.xml:26:5-28:35
37        android:glEsVersion="0x00020000"
37-->[com.google.android.gms:play-services-maps:18.0.2] AndroidManifest.xml:27:9-41
38        android:required="true" />
38-->[com.google.android.gms:play-services-maps:18.0.2] AndroidManifest.xml:28:9-32
39
40    <permission
40-->[androidx.core:core:1.13.1] AndroidManifest.xml:22:5-24:47
41        android:name="com.reachu.liveshopping.DYNAMIC_RECEIVER_NOT_EXPORTED_PERMISSION"
41-->[androidx.core:core:1.13.1] AndroidManifest.xml:23:9-81
42        android:protectionLevel="signature" />
42-->[androidx.core:core:1.13.1] AndroidManifest.xml:24:9-44
43
44    <uses-permission android:name="com.reachu.liveshopping.DYNAMIC_RECEIVER_NOT_EXPORTED_PERMISSION" />
44-->[androidx.core:core:1.13.1] AndroidManifest.xml:26:5-97
44-->[androidx.core:core:1.13.1] AndroidManifest.xml:26:22-94
45
46    <application
46-->src/main/AndroidManifest.xml:7:5-25:19
47        android:allowBackup="true"
47-->src/main/AndroidManifest.xml:8:9-35
48        android:appComponentFactory="androidx.core.app.CoreComponentFactory"
48-->[androidx.core:core:1.13.1] AndroidManifest.xml:28:18-86
49        android:dataExtractionRules="@xml/data_extraction_rules"
49-->src/main/AndroidManifest.xml:9:9-65
50        android:extractNativeLibs="false"
51        android:fullBackupContent="@xml/backup_rules"
51-->src/main/AndroidManifest.xml:10:9-54
52        android:label="Live Shopping Demo"
52-->src/main/AndroidManifest.xml:11:9-43
53        android:supportsRtl="true"
53-->src/main/AndroidManifest.xml:12:9-35
54        android:theme="@style/Theme.ReachuDemo"
54-->src/main/AndroidManifest.xml:13:9-48
55        android:usesCleartextTraffic="true" >
55-->[:VioAndroidUI] AndroidManifest.xml:9:18-53
56        <activity
56-->src/main/AndroidManifest.xml:16:9-24:20
57            android:name="com.reachu.liveshopping.MainActivity"
57-->src/main/AndroidManifest.xml:17:13-41
58            android:exported="true"
58-->src/main/AndroidManifest.xml:18:13-36
59            android:theme="@style/Theme.ReachuDemo" >
59-->src/main/AndroidManifest.xml:19:13-52
60            <intent-filter>
60-->src/main/AndroidManifest.xml:20:13-23:29
61                <action android:name="android.intent.action.MAIN" />
61-->src/main/AndroidManifest.xml:21:17-69
61-->src/main/AndroidManifest.xml:21:25-66
62
63                <category android:name="android.intent.category.LAUNCHER" />
63-->src/main/AndroidManifest.xml:22:17-77
63-->src/main/AndroidManifest.xml:22:27-74
64            </intent-filter>
65        </activity>
66        <activity
66-->[:VioAndroidUI] AndroidManifest.xml:10:9-15:47
67            android:name="io.reachu.VioUI.KlarnaNativeActivity"
67-->[:VioAndroidUI] AndroidManifest.xml:11:13-64
68            android:configChanges="orientation|screenSize|keyboardHidden"
68-->[:VioAndroidUI] AndroidManifest.xml:12:13-74
69            android:exported="false"
69-->[:VioAndroidUI] AndroidManifest.xml:13:13-37
70            android:hardwareAccelerated="true"
70-->[:VioAndroidUI] AndroidManifest.xml:14:13-47
71            android:launchMode="singleTask" />
71-->[:VioAndroidUI] AndroidManifest.xml:15:13-44
72        <activity
72-->[:VioAndroidUI] AndroidManifest.xml:16:9-19:72
73            android:name="io.reachu.VioUI.KlarnaWebActivity"
73-->[:VioAndroidUI] AndroidManifest.xml:17:13-61
74            android:exported="false"
74-->[:VioAndroidUI] AndroidManifest.xml:18:13-37
75            android:theme="@style/Theme.MaterialComponents.DayNight" />
75-->[:VioAndroidUI] AndroidManifest.xml:19:13-69
76        <activity
76-->[com.stripe:paymentsheet:20.49.0] AndroidManifest.xml:8:9-11:69
77            android:name="com.stripe.android.paymentsheet.PaymentSheetActivity"
77-->[com.stripe:paymentsheet:20.49.0] AndroidManifest.xml:9:13-80
78            android:exported="false"
78-->[com.stripe:paymentsheet:20.49.0] AndroidManifest.xml:10:13-37
79            android:theme="@style/StripePaymentSheetDefaultTheme" />
79-->[com.stripe:paymentsheet:20.49.0] AndroidManifest.xml:11:13-66
80        <activity
80-->[com.stripe:paymentsheet:20.49.0] AndroidManifest.xml:12:9-15:69
81            android:name="com.stripe.android.paymentsheet.PaymentOptionsActivity"
81-->[com.stripe:paymentsheet:20.49.0] AndroidManifest.xml:13:13-82
82            android:exported="false"
82-->[com.stripe:paymentsheet:20.49.0] AndroidManifest.xml:14:13-37
83            android:theme="@style/StripePaymentSheetDefaultTheme" />
83-->[com.stripe:paymentsheet:20.49.0] AndroidManifest.xml:15:13-66
84        <activity
84-->[com.stripe:paymentsheet:20.49.0] AndroidManifest.xml:16:9-19:69
85            android:name="com.stripe.android.customersheet.CustomerSheetActivity"
85-->[com.stripe:paymentsheet:20.49.0] AndroidManifest.xml:17:13-82
86            android:exported="false"
86-->[com.stripe:paymentsheet:20.49.0] AndroidManifest.xml:18:13-37
87            android:theme="@style/StripePaymentSheetDefaultTheme" />
87-->[com.stripe:paymentsheet:20.49.0] AndroidManifest.xml:19:13-66
88        <activity
88-->[com.stripe:paymentsheet:20.49.0] AndroidManifest.xml:20:9-23:69
89            android:name="com.stripe.android.paymentsheet.addresselement.AddressElementActivity"
89-->[com.stripe:paymentsheet:20.49.0] AndroidManifest.xml:21:13-97
90            android:exported="false"
90-->[com.stripe:paymentsheet:20.49.0] AndroidManifest.xml:22:13-37
91            android:theme="@style/StripePaymentSheetDefaultTheme" />
91-->[com.stripe:paymentsheet:20.49.0] AndroidManifest.xml:23:13-66
92        <activity
92-->[com.stripe:paymentsheet:20.49.0] AndroidManifest.xml:24:9-27:69
93            android:name="com.stripe.android.paymentsheet.paymentdatacollection.bacs.BacsMandateConfirmationActivity"
93-->[com.stripe:paymentsheet:20.49.0] AndroidManifest.xml:25:13-118
94            android:exported="false"
94-->[com.stripe:paymentsheet:20.49.0] AndroidManifest.xml:26:13-37
95            android:theme="@style/StripePaymentSheetDefaultTheme" />
95-->[com.stripe:paymentsheet:20.49.0] AndroidManifest.xml:27:13-66
96        <activity
96-->[com.stripe:paymentsheet:20.49.0] AndroidManifest.xml:28:9-31:69
97            android:name="com.stripe.android.paymentsheet.paymentdatacollection.polling.PollingActivity"
97-->[com.stripe:paymentsheet:20.49.0] AndroidManifest.xml:29:13-105
98            android:exported="false"
98-->[com.stripe:paymentsheet:20.49.0] AndroidManifest.xml:30:13-37
99            android:theme="@style/StripePaymentSheetDefaultTheme" />
99-->[com.stripe:paymentsheet:20.49.0] AndroidManifest.xml:31:13-66
100        <activity
100-->[com.stripe:paymentsheet:20.49.0] AndroidManifest.xml:32:9-35:69
101            android:name="com.stripe.android.paymentsheet.ui.SepaMandateActivity"
101-->[com.stripe:paymentsheet:20.49.0] AndroidManifest.xml:33:13-82
102            android:exported="false"
102-->[com.stripe:paymentsheet:20.49.0] AndroidManifest.xml:34:13-37
103            android:theme="@style/StripePaymentSheetDefaultTheme" />
103-->[com.stripe:paymentsheet:20.49.0] AndroidManifest.xml:35:13-66
104        <activity
104-->[com.stripe:paymentsheet:20.49.0] AndroidManifest.xml:36:9-39:68
105            android:name="com.stripe.android.paymentsheet.ExternalPaymentMethodProxyActivity"
105-->[com.stripe:paymentsheet:20.49.0] AndroidManifest.xml:37:13-94
106            android:exported="false"
106-->[com.stripe:paymentsheet:20.49.0] AndroidManifest.xml:38:13-37
107            android:theme="@style/StripePayLauncherDefaultTheme" />
107-->[com.stripe:paymentsheet:20.49.0] AndroidManifest.xml:39:13-65
108        <activity
108-->[com.stripe:paymentsheet:20.49.0] AndroidManifest.xml:40:9-42:69
109            android:name="com.stripe.android.paymentsheet.paymentdatacollection.cvcrecollection.CvcRecollectionActivity"
109-->[com.stripe:paymentsheet:20.49.0] AndroidManifest.xml:41:13-121
110            android:theme="@style/StripePaymentSheetDefaultTheme" />
110-->[com.stripe:paymentsheet:20.49.0] AndroidManifest.xml:42:13-66
111        <activity
111-->[com.stripe:link:20.49.0] AndroidManifest.xml:8:9-13:61
112            android:name="com.stripe.android.link.LinkForegroundActivity"
112-->[com.stripe:link:20.49.0] AndroidManifest.xml:9:13-74
113            android:autoRemoveFromRecents="true"
113-->[com.stripe:link:20.49.0] AndroidManifest.xml:10:13-49
114            android:configChanges="orientation|keyboard|keyboardHidden|screenLayout|screenSize|smallestScreenSize"
114-->[com.stripe:link:20.49.0] AndroidManifest.xml:11:13-115
115            android:launchMode="singleTop"
115-->[com.stripe:link:20.49.0] AndroidManifest.xml:12:13-43
116            android:theme="@style/StripeTransparentTheme" />
116-->[com.stripe:link:20.49.0] AndroidManifest.xml:13:13-58
117        <activity
117-->[com.stripe:link:20.49.0] AndroidManifest.xml:14:9-31:20
118            android:name="com.stripe.android.link.LinkRedirectHandlerActivity"
118-->[com.stripe:link:20.49.0] AndroidManifest.xml:15:13-79
119            android:autoRemoveFromRecents="true"
119-->[com.stripe:link:20.49.0] AndroidManifest.xml:16:13-49
120            android:exported="true"
120-->[com.stripe:link:20.49.0] AndroidManifest.xml:17:13-36
121            android:launchMode="singleInstance"
121-->[com.stripe:link:20.49.0] AndroidManifest.xml:18:13-48
122            android:theme="@style/StripeTransparentTheme" >
122-->[com.stripe:link:20.49.0] AndroidManifest.xml:19:13-58
123            <intent-filter>
123-->[com.stripe:link:20.49.0] AndroidManifest.xml:20:13-30:29
124                <action android:name="android.intent.action.VIEW" />
124-->[com.stripe:link:20.49.0] AndroidManifest.xml:21:17-69
124-->[com.stripe:link:20.49.0] AndroidManifest.xml:21:25-66
125
126                <category android:name="android.intent.category.DEFAULT" />
126-->[com.stripe:link:20.49.0] AndroidManifest.xml:23:17-76
126-->[com.stripe:link:20.49.0] AndroidManifest.xml:23:27-73
127                <category android:name="android.intent.category.BROWSABLE" />
127-->[com.stripe:link:20.49.0] AndroidManifest.xml:24:17-78
127-->[com.stripe:link:20.49.0] AndroidManifest.xml:24:27-75
128
129                <data
129-->[com.stripe:link:20.49.0] AndroidManifest.xml:26:17-29:51
130                    android:host="complete"
130-->[com.stripe:link:20.49.0] AndroidManifest.xml:27:21-44
131                    android:path="/com.reachu.liveshopping"
131-->[com.stripe:link:20.49.0] AndroidManifest.xml:28:21-53
132                    android:scheme="link-popup" />
132-->[com.stripe:link:20.49.0] AndroidManifest.xml:29:21-48
133            </intent-filter>
134        </activity>
135        <activity
135-->[com.stripe:payments-ui-core:20.49.0] AndroidManifest.xml:8:9-11:69
136            android:name="com.stripe.android.ui.core.cardscan.CardScanActivity"
136-->[com.stripe:payments-ui-core:20.49.0] AndroidManifest.xml:9:13-80
137            android:exported="false"
137-->[com.stripe:payments-ui-core:20.49.0] AndroidManifest.xml:10:13-37
138            android:theme="@style/StripePaymentSheetDefaultTheme" />
138-->[com.stripe:payments-ui-core:20.49.0] AndroidManifest.xml:11:13-66
139        <activity
139-->[com.stripe:payments-core:20.49.0] AndroidManifest.xml:15:9-18:57
140            android:name="com.stripe.android.view.AddPaymentMethodActivity"
140-->[com.stripe:payments-core:20.49.0] AndroidManifest.xml:16:13-76
141            android:exported="false"
141-->[com.stripe:payments-core:20.49.0] AndroidManifest.xml:17:13-37
142            android:theme="@style/StripeDefaultTheme" />
142-->[com.stripe:payments-core:20.49.0] AndroidManifest.xml:18:13-54
143        <activity
143-->[com.stripe:payments-core:20.49.0] AndroidManifest.xml:19:9-22:57
144            android:name="com.stripe.android.view.PaymentMethodsActivity"
144-->[com.stripe:payments-core:20.49.0] AndroidManifest.xml:20:13-74
145            android:exported="false"
145-->[com.stripe:payments-core:20.49.0] AndroidManifest.xml:21:13-37
146            android:theme="@style/StripeDefaultTheme" />
146-->[com.stripe:payments-core:20.49.0] AndroidManifest.xml:22:13-54
147        <activity
147-->[com.stripe:payments-core:20.49.0] AndroidManifest.xml:23:9-26:57
148            android:name="com.stripe.android.view.PaymentFlowActivity"
148-->[com.stripe:payments-core:20.49.0] AndroidManifest.xml:24:13-71
149            android:exported="false"
149-->[com.stripe:payments-core:20.49.0] AndroidManifest.xml:25:13-37
150            android:theme="@style/StripeDefaultTheme" />
150-->[com.stripe:payments-core:20.49.0] AndroidManifest.xml:26:13-54
151        <activity
151-->[com.stripe:payments-core:20.49.0] AndroidManifest.xml:27:9-30:57
152            android:name="com.stripe.android.view.PaymentAuthWebViewActivity"
152-->[com.stripe:payments-core:20.49.0] AndroidManifest.xml:28:13-78
153            android:exported="false"
153-->[com.stripe:payments-core:20.49.0] AndroidManifest.xml:29:13-37
154            android:theme="@style/StripeDefaultTheme" />
154-->[com.stripe:payments-core:20.49.0] AndroidManifest.xml:30:13-54
155        <activity
155-->[com.stripe:payments-core:20.49.0] AndroidManifest.xml:31:9-34:61
156            android:name="com.stripe.android.view.PaymentRelayActivity"
156-->[com.stripe:payments-core:20.49.0] AndroidManifest.xml:32:13-72
157            android:exported="false"
157-->[com.stripe:payments-core:20.49.0] AndroidManifest.xml:33:13-37
158            android:theme="@style/StripeTransparentTheme" />
158-->[com.stripe:payments-core:20.49.0] AndroidManifest.xml:34:13-58
159        <!--
160        Set android:launchMode="singleTop" so that the StripeBrowserLauncherActivity instance that
161        launched the browser Activity will also handle the return URL deep link.
162        -->
163        <activity
163-->[com.stripe:payments-core:20.49.0] AndroidManifest.xml:40:9-44:61
164            android:name="com.stripe.android.payments.StripeBrowserLauncherActivity"
164-->[com.stripe:payments-core:20.49.0] AndroidManifest.xml:41:13-85
165            android:exported="false"
165-->[com.stripe:payments-core:20.49.0] AndroidManifest.xml:42:13-37
166            android:launchMode="singleTask"
166-->[com.stripe:payments-core:20.49.0] AndroidManifest.xml:43:13-44
167            android:theme="@style/StripeTransparentTheme" />
167-->[com.stripe:payments-core:20.49.0] AndroidManifest.xml:44:13-58
168        <activity
168-->[com.stripe:payments-core:20.49.0] AndroidManifest.xml:45:9-62:20
169            android:name="com.stripe.android.payments.StripeBrowserProxyReturnActivity"
169-->[com.stripe:payments-core:20.49.0] AndroidManifest.xml:46:13-88
170            android:exported="true"
170-->[com.stripe:payments-core:20.49.0] AndroidManifest.xml:47:13-36
171            android:launchMode="singleTask"
171-->[com.stripe:payments-core:20.49.0] AndroidManifest.xml:48:13-44
172            android:theme="@style/StripeTransparentTheme" >
172-->[com.stripe:payments-core:20.49.0] AndroidManifest.xml:49:13-58
173            <intent-filter>
173-->[com.stripe:payments-core:20.49.0] AndroidManifest.xml:50:13-61:29
174                <action android:name="android.intent.action.VIEW" />
174-->[com.stripe:link:20.49.0] AndroidManifest.xml:21:17-69
174-->[com.stripe:link:20.49.0] AndroidManifest.xml:21:25-66
175
176                <category android:name="android.intent.category.DEFAULT" />
176-->[com.stripe:link:20.49.0] AndroidManifest.xml:23:17-76
176-->[com.stripe:link:20.49.0] AndroidManifest.xml:23:27-73
177                <category android:name="android.intent.category.BROWSABLE" />
177-->[com.stripe:link:20.49.0] AndroidManifest.xml:24:17-78
177-->[com.stripe:link:20.49.0] AndroidManifest.xml:24:27-75
178
179                <!-- Must match `DefaultReturnUrl#value`. -->
180                <data
180-->[com.stripe:link:20.49.0] AndroidManifest.xml:26:17-29:51
181                    android:host="payment_return_url"
181-->[com.stripe:link:20.49.0] AndroidManifest.xml:27:21-44
182                    android:path="/com.reachu.liveshopping"
182-->[com.stripe:link:20.49.0] AndroidManifest.xml:28:21-53
183                    android:scheme="stripesdk" />
183-->[com.stripe:link:20.49.0] AndroidManifest.xml:29:21-48
184            </intent-filter>
185        </activity>
186        <activity
186-->[com.stripe:payments-core:20.49.0] AndroidManifest.xml:63:9-66:57
187            android:name="com.stripe.android.payments.core.authentication.threeds2.Stripe3ds2TransactionActivity"
187-->[com.stripe:payments-core:20.49.0] AndroidManifest.xml:64:13-114
188            android:exported="false"
188-->[com.stripe:payments-core:20.49.0] AndroidManifest.xml:65:13-37
189            android:theme="@style/StripeDefaultTheme" />
189-->[com.stripe:payments-core:20.49.0] AndroidManifest.xml:66:13-54
190        <activity
190-->[com.stripe:payments-core:20.49.0] AndroidManifest.xml:67:9-70:66
191            android:name="com.stripe.android.googlepaylauncher.GooglePayLauncherActivity"
191-->[com.stripe:payments-core:20.49.0] AndroidManifest.xml:68:13-90
192            android:exported="false"
192-->[com.stripe:payments-core:20.49.0] AndroidManifest.xml:69:13-37
193            android:theme="@style/StripeGooglePayDefaultTheme" />
193-->[com.stripe:payments-core:20.49.0] AndroidManifest.xml:70:13-63
194        <activity
194-->[com.stripe:payments-core:20.49.0] AndroidManifest.xml:71:9-74:66
195            android:name="com.stripe.android.googlepaylauncher.GooglePayPaymentMethodLauncherActivity"
195-->[com.stripe:payments-core:20.49.0] AndroidManifest.xml:72:13-103
196            android:exported="false"
196-->[com.stripe:payments-core:20.49.0] AndroidManifest.xml:73:13-37
197            android:theme="@style/StripeGooglePayDefaultTheme" />
197-->[com.stripe:payments-core:20.49.0] AndroidManifest.xml:74:13-63
198        <activity
198-->[com.stripe:payments-core:20.49.0] AndroidManifest.xml:75:9-78:68
199            android:name="com.stripe.android.payments.paymentlauncher.PaymentLauncherConfirmationActivity"
199-->[com.stripe:payments-core:20.49.0] AndroidManifest.xml:76:13-107
200            android:exported="false"
200-->[com.stripe:payments-core:20.49.0] AndroidManifest.xml:77:13-37
201            android:theme="@style/StripePayLauncherDefaultTheme" />
201-->[com.stripe:payments-core:20.49.0] AndroidManifest.xml:78:13-65
202        <activity
202-->[com.stripe:payments-core:20.49.0] AndroidManifest.xml:79:9-82:61
203            android:name="com.stripe.android.payments.bankaccount.ui.CollectBankAccountActivity"
203-->[com.stripe:payments-core:20.49.0] AndroidManifest.xml:80:13-97
204            android:exported="false"
204-->[com.stripe:payments-core:20.49.0] AndroidManifest.xml:81:13-37
205            android:theme="@style/StripeTransparentTheme" />
205-->[com.stripe:payments-core:20.49.0] AndroidManifest.xml:82:13-58
206        <activity
206-->[com.stripe:stripe-3ds2-android:6.1.8] AndroidManifest.xml:8:9-11:54
207            android:name="com.stripe.android.stripe3ds2.views.ChallengeActivity"
207-->[com.stripe:stripe-3ds2-android:6.1.8] AndroidManifest.xml:9:13-81
208            android:exported="false"
208-->[com.stripe:stripe-3ds2-android:6.1.8] AndroidManifest.xml:10:13-37
209            android:theme="@style/Stripe3DS2Theme" />
209-->[com.stripe:stripe-3ds2-android:6.1.8] AndroidManifest.xml:11:13-51
210        <activity
210-->[com.klarna.mobile.sdk:klarna-core:2.10.0] AndroidManifest.xml:33:9-38:86
211            android:name="com.klarna.mobile.sdk.activity.KlarnaRedirectLauncherActivity"
211-->[com.klarna.mobile.sdk:klarna-core:2.10.0] AndroidManifest.xml:34:13-89
212            android:configChanges="screenSize|smallestScreenSize|screenLayout|orientation|keyboard|keyboardHidden"
212-->[com.klarna.mobile.sdk:klarna-core:2.10.0] AndroidManifest.xml:35:13-115
213            android:exported="false"
213-->[com.klarna.mobile.sdk:klarna-core:2.10.0] AndroidManifest.xml:36:13-37
214            android:launchMode="singleTask"
214-->[com.klarna.mobile.sdk:klarna-core:2.10.0] AndroidManifest.xml:37:13-44
215            android:theme="@style/Theme.AppCompat.RedirectLauncher_KlarnaInAppSDK" />
215-->[com.klarna.mobile.sdk:klarna-core:2.10.0] AndroidManifest.xml:38:13-83
216        <activity
216-->[com.klarna.mobile.sdk:klarna-core:2.10.0] AndroidManifest.xml:39:9-41:40
217            android:name="com.klarna.mobile.sdk.activity.KlarnaRedirectReceiverActivity"
217-->[com.klarna.mobile.sdk:klarna-core:2.10.0] AndroidManifest.xml:40:13-89
218            android:exported="false" />
218-->[com.klarna.mobile.sdk:klarna-core:2.10.0] AndroidManifest.xml:41:13-37
219        <activity
219-->[com.klarna.mobile.sdk:klarna-core:2.10.0] AndroidManifest.xml:42:9-55:20
220            android:name="com.klarna.mobile.sdk.activity.KlarnaAuthenticationRedirectReceiverActivity"
220-->[com.klarna.mobile.sdk:klarna-core:2.10.0] AndroidManifest.xml:43:13-103
221            android:exported="true" >
221-->[com.klarna.mobile.sdk:klarna-core:2.10.0] AndroidManifest.xml:44:13-36
222            <intent-filter>
222-->[com.klarna.mobile.sdk:klarna-core:2.10.0] AndroidManifest.xml:45:13-54:29
223                <action android:name="android.intent.action.VIEW" />
223-->[com.stripe:link:20.49.0] AndroidManifest.xml:21:17-69
223-->[com.stripe:link:20.49.0] AndroidManifest.xml:21:25-66
224
225                <category android:name="android.intent.category.DEFAULT" />
225-->[com.stripe:link:20.49.0] AndroidManifest.xml:23:17-76
225-->[com.stripe:link:20.49.0] AndroidManifest.xml:23:27-73
226                <category android:name="android.intent.category.BROWSABLE" />
226-->[com.stripe:link:20.49.0] AndroidManifest.xml:24:17-78
226-->[com.stripe:link:20.49.0] AndroidManifest.xml:24:27-75
227
228                <data
228-->[com.stripe:link:20.49.0] AndroidManifest.xml:26:17-29:51
229                    android:host="com.reachu.liveshopping"
229-->[com.stripe:link:20.49.0] AndroidManifest.xml:27:21-44
230                    android:scheme="@string/authentication_redirect_url_scheme" />
230-->[com.stripe:link:20.49.0] AndroidManifest.xml:29:21-48
231            </intent-filter>
232        </activity>
233        <activity
233-->[com.klarna.mobile.sdk:klarna-core:2.10.0] AndroidManifest.xml:56:9-71:20
234            android:name="com.klarna.mobile.sdk.activity.KlarnaReturnReceiverActivity"
234-->[com.klarna.mobile.sdk:klarna-core:2.10.0] AndroidManifest.xml:57:13-87
235            android:excludeFromRecents="true"
235-->[com.klarna.mobile.sdk:klarna-core:2.10.0] AndroidManifest.xml:58:13-46
236            android:exported="true"
236-->[com.klarna.mobile.sdk:klarna-core:2.10.0] AndroidManifest.xml:59:13-36
237            android:theme="@style/Theme.AppCompat.ReturnReceiver_KlarnaMobileSDK" >
237-->[com.klarna.mobile.sdk:klarna-core:2.10.0] AndroidManifest.xml:60:13-82
238            <intent-filter>
238-->[com.klarna.mobile.sdk:klarna-core:2.10.0] AndroidManifest.xml:61:13-70:29
239                <action android:name="android.intent.action.VIEW" />
239-->[com.stripe:link:20.49.0] AndroidManifest.xml:21:17-69
239-->[com.stripe:link:20.49.0] AndroidManifest.xml:21:25-66
240
241                <category android:name="android.intent.category.DEFAULT" />
241-->[com.stripe:link:20.49.0] AndroidManifest.xml:23:17-76
241-->[com.stripe:link:20.49.0] AndroidManifest.xml:23:27-73
242                <category android:name="android.intent.category.BROWSABLE" />
242-->[com.stripe:link:20.49.0] AndroidManifest.xml:24:17-78
242-->[com.stripe:link:20.49.0] AndroidManifest.xml:24:27-75
243
244                <data
244-->[com.stripe:link:20.49.0] AndroidManifest.xml:26:17-29:51
245                    android:host="com.reachu.liveshopping"
245-->[com.stripe:link:20.49.0] AndroidManifest.xml:27:21-44
246                    android:scheme="@string/klarna_mobile_sdk_return_url_scheme" />
246-->[com.stripe:link:20.49.0] AndroidManifest.xml:29:21-48
247            </intent-filter>
248        </activity>
249
250        <provider
250-->[com.klarna.mobile.sdk:klarna-core:2.10.0] AndroidManifest.xml:73:9-81:20
251            android:name="androidx.startup.InitializationProvider"
251-->[com.klarna.mobile.sdk:klarna-core:2.10.0] AndroidManifest.xml:74:13-67
252            android:authorities="com.reachu.liveshopping.androidx-startup"
252-->[com.klarna.mobile.sdk:klarna-core:2.10.0] AndroidManifest.xml:75:13-68
253            android:exported="false" >
253-->[com.klarna.mobile.sdk:klarna-core:2.10.0] AndroidManifest.xml:76:13-37
254            <meta-data
254-->[com.klarna.mobile.sdk:klarna-core:2.10.0] AndroidManifest.xml:78:13-80:52
255                android:name="com.klarna.mobile.sdk.KlarnaMobileSdkInitializer"
255-->[com.klarna.mobile.sdk:klarna-core:2.10.0] AndroidManifest.xml:79:17-80
256                android:value="androidx.startup" />
256-->[com.klarna.mobile.sdk:klarna-core:2.10.0] AndroidManifest.xml:80:17-49
257            <meta-data
257-->[androidx.emoji2:emoji2:1.3.0] AndroidManifest.xml:29:13-31:52
258                android:name="androidx.emoji2.text.EmojiCompatInitializer"
258-->[androidx.emoji2:emoji2:1.3.0] AndroidManifest.xml:30:17-75
259                android:value="androidx.startup" />
259-->[androidx.emoji2:emoji2:1.3.0] AndroidManifest.xml:31:17-49
260            <meta-data
260-->[androidx.lifecycle:lifecycle-process:2.8.3] AndroidManifest.xml:29:13-31:52
261                android:name="androidx.lifecycle.ProcessLifecycleInitializer"
261-->[androidx.lifecycle:lifecycle-process:2.8.3] AndroidManifest.xml:30:17-78
262                android:value="androidx.startup" />
262-->[androidx.lifecycle:lifecycle-process:2.8.3] AndroidManifest.xml:31:17-49
263            <meta-data
263-->[androidx.profileinstaller:profileinstaller:1.3.1] AndroidManifest.xml:29:13-31:52
264                android:name="androidx.profileinstaller.ProfileInstallerInitializer"
264-->[androidx.profileinstaller:profileinstaller:1.3.1] AndroidManifest.xml:30:17-85
265                android:value="androidx.startup" />
265-->[androidx.profileinstaller:profileinstaller:1.3.1] AndroidManifest.xml:31:17-49
266        </provider>
267        <provider
267-->[com.klarna.mobile.sdk:klarna-core:2.10.0] AndroidManifest.xml:82:9-90:20
268            android:name="com.klarna.mobile.sdk.KlarnaShareFileProvider"
268-->[com.klarna.mobile.sdk:klarna-core:2.10.0] AndroidManifest.xml:83:13-73
269            android:authorities="com.reachu.liveshopping.klarna.fileprovider.share"
269-->[com.klarna.mobile.sdk:klarna-core:2.10.0] AndroidManifest.xml:84:13-77
270            android:exported="false"
270-->[com.klarna.mobile.sdk:klarna-core:2.10.0] AndroidManifest.xml:85:13-37
271            android:grantUriPermissions="true" >
271-->[com.klarna.mobile.sdk:klarna-core:2.10.0] AndroidManifest.xml:86:13-47
272            <meta-data
272-->[com.klarna.mobile.sdk:klarna-core:2.10.0] AndroidManifest.xml:87:13-89:78
273                android:name="android.support.FILE_PROVIDER_PATHS"